<?xml version="1.0" encoding="UTF-8"?>
<!-- Generated by org.testng.reporters.JUnitXMLReporter -->
<testsuite ignored="4" hostname="LTIN268132" failures="0" tests="15" name="Test" time="171.125" errors="0" timestamp="2024-03-01T09:39:49 IST">
  <testcase classname="testCases.TC_001_SearchBookshelves" name="search" time="1.412"/>
  <testcase classname="testCases.TC_001_SearchBookshelves" name="titleValidation" time="5.622"/>
  <testcase classname="testCases.TC_002_SelectItems" name="selectCategory" time="1.914"/>
  <testcase classname="testCases.TC_002_SelectItems" name="select_price" time="7.365"/>
  <testcase classname="testCases.TC_002_SelectItems" name="clickStorageButton" time="2.321"/>
  <testcase classname="testCases.TC_002_SelectItems" name="select_filter" time="0.435"/>
  <testcase classname="testCases.TC_002_SelectItems" name="print_data" time="18.184"/>
  <testcase classname="testCases.TC_002_SelectItems" name="displayNavBar_items" time="8.241"/>
  <testcase classname="testCases.TC_002_SelectItems" name="printNavBar_items" time="26.342"/>
  <testcase classname="testCases.TC_003_GiftCard" name="displayGiftPage" time="35.682"/>
  <testcase classname="testCases.TC_003_GiftCard" name="clickBirthday" time="2.123"/>
  <testcase classname="testCases.TC_003_GiftCard" name="enterAmount_Date" time="5.672"/>
  <testcase classname="testCases.TC_003_GiftCard" name="enterDetails" time="3.985"/>
  <testcase classname="testCases.TC_003_GiftCard" name="verifyValidEmail" time="1.952"/>
  <testcase classname="testCases.TC_003_GiftCard" name="verifyValidEmail_2" time="7.0"/>
  <testcase classname="testBase.BaseClass" name="@AfterTest teardown" time="0.0">
    <ignored/>
  </testcase> <!-- @AfterTest teardown -->
  <testcase classname="testBase.BaseClass" name="@AfterTest teardown" time="0.0">
    <ignored/>
  </testcase> <!-- @AfterTest teardown -->
  <testcase classname="testBase.BaseClass" name="@BeforeTest setup" time="0.0">
    <ignored/>
  </testcase> <!-- @BeforeTest setup -->
  <testcase classname="testBase.BaseClass" name="@BeforeTest setup" time="0.0">
    <ignored/>
  </testcase> <!-- @BeforeTest setup -->
</testsuite> <!-- Test -->
